<?xml version="1.0" encoding="UTF-8"?>
<testsuite name="org.example.WarmUpTests" tests="1" skipped="0" failures="0" errors="0" timestamp="2023-06-16T01:51:39" hostname="LAPTOP-MCQCABGU" time="0.017">
  <properties/>
  <testcase name="testStartOz()" classname="org.example.WarmUpTests" time="0.017"/>
  <system-out><![CDATA[]]></system-out>
  <system-err><![CDATA[]]></system-err>
</testsuite>
